<?xml version="1.0" encoding="UTF-8"?>
<!-- Generated by org.testng.reporters.JUnitReportReporter -->
<testsuite hostname="Mrkd-family" failures="0" tests="1" name="testpkgg1.NewTestxyz2" time="0.063" errors="0" timestamp="2022-11-19T11:13:48 IST" skipped="0">
  <testcase classname="testpkgg1.NewTestxyz2" name="f" time="0.063"/>
  <system-out/>
</testsuite> <!-- testpkgg1.NewTestxyz2 -->
