<?xml version="1.0" encoding="UTF-8"?>
<!-- Generated by org.testng.reporters.JUnitReportReporter -->
<testsuite hostname="Mrkd-family" failures="0" tests="1" name="testpkgg1.NewTestxyz1" time="0.012" errors="0" timestamp="2022-11-19T10:42:59 IST" skipped="0">
  <testcase classname="testpkgg1.NewTestxyz1" name="f1" time="0.012"/>
  <system-out/>
</testsuite> <!-- testpkgg1.NewTestxyz1 -->
