<?xml version="1.0" encoding="UTF-8"?>
<!-- Generated by org.testng.reporters.JUnitReportReporter -->
<testsuite hostname="Mrkd-family" failures="0" tests="1" name="testpkgg1.NewTest" time="0.011" errors="0" timestamp="2022-11-24T12:13:47 IST" skipped="0">
  <testcase classname="testpkgg1.NewTest" name="f" time="0.011"/>
  <system-out/>
</testsuite> <!-- testpkgg1.NewTest -->
